[07:42:50] [main/INFO] (FabricLoader/GameProvider) Loading Minecraft 1.19.4 with Fabric Loader 0.15.10
[07:42:50] [main/INFO] (FabricLoader) Loading 59 mods:
	- auto_nbs_player 0.1-1.19.4
	- fabric-api 0.87.2+1.19.4
	- fabric-api-base 0.4.28+737a6ee8f4
	- fabric-api-lookup-api-v1 1.6.29+504944c8f4
	- fabric-biome-api-v1 13.0.10+6b242079f4
	- fabric-block-api-v1 1.0.8+e022e5d1f4
	- fabric-blockrenderlayer-v1 1.1.38+10ce000ff4
	- fabric-client-tags-api-v1 1.1.1+0eee1254f4
	- fabric-command-api-v1 1.2.31+f71b366ff4
	- fabric-command-api-v2 2.2.10+10ce000ff4
	- fabric-commands-v0 0.2.48+df3654b3f4
	- fabric-containers-v0 0.1.59+df3654b3f4
	- fabric-content-registries-v0 3.5.14+10ce000ff4
	- fabric-convention-tags-v1 1.5.3+6d727b51f4
	- fabric-crash-report-info-v1 0.2.17+aeb40ebef4
	- fabric-data-generation-api-v1 11.5.2+26f09d40f4
	- fabric-dimensions-v1 2.1.50+44c9c860f4
	- fabric-entity-events-v1 1.5.17+10ce000ff4
	- fabric-events-interaction-v0 0.6.1+4b6b93f0f4
	- fabric-events-lifecycle-v0 0.2.56+df3654b3f4
	- fabric-game-rule-api-v1 1.0.36+3f657af2f4
	- fabric-gametest-api-v1 1.2.9+10ce000ff4
	- fabric-item-api-v1 2.1.21+10ce000ff4
	- fabric-item-group-api-v1 3.0.10+8400c67ef4
	- fabric-key-binding-api-v1 1.0.35+504944c8f4
	- fabric-keybindings-v0 0.2.33+df3654b3f4
	- fabric-lifecycle-events-v1 2.2.19+10ce000ff4
	- fabric-loot-api-v2 1.1.32+10ce000ff4
	- fabric-loot-tables-v1 1.1.36+9e7660c6f4
	- fabric-message-api-v1 5.1.5+53c11dadf4
	- fabric-mining-level-api-v1 2.1.44+10ce000ff4
	- fabric-model-loading-api-v1 1.0.2+3a1ea2f1f4
	- fabric-models-v0 0.4.1+a0255436f4
	- fabric-networking-api-v1 1.3.6+ae9c4c6af4
	- fabric-networking-v0 0.3.46+df3654b3f4
	- fabric-object-builder-api-v1 7.1.1+d63b52eaf4
	- fabric-particles-v1 1.1.1+86d48884f4
	- fabric-recipe-api-v1 1.0.13+10ce000ff4
	- fabric-registry-sync-v0 2.3.2+95ae8716f4
	- fabric-renderer-api-v1 2.4.2+90110d8df4
	- fabric-renderer-indigo 1.4.2+90110d8df4
	- fabric-renderer-registries-v1 3.2.42+df3654b3f4
	- fabric-rendering-data-attachment-v1 0.3.32+10ce000ff4
	- fabric-rendering-fluids-v1 3.0.25+10ce000ff4
	- fabric-rendering-v0 1.1.45+df3654b3f4
	- fabric-rendering-v1 2.1.5+10ce000ff4
	- fabric-resource-conditions-api-v1 2.3.3+10ce000ff4
	- fabric-resource-loader-v0 0.11.7+8400c67ef4
	- fabric-screen-api-v1 1.0.49+10ce000ff4
	- fabric-screen-handler-api-v1 1.3.25+10ce000ff4
	- fabric-sound-api-v1 1.0.11+10ce000ff4
	- fabric-transfer-api-v1 3.3.1+602c17c7f4
	- fabric-transitive-access-wideners-v1 3.3.0+1b5f819af4
	- fabricloader 0.15.10
	- java 21
	- litematica 0.14.3
	- malilib 0.15.4
	- minecraft 1.19.4
	- mixinextras 0.3.5
[07:42:52] [main/INFO] (FabricLoader/Mixin) SpongePowered MIXIN Subsystem Version=0.8.5 Source=file:/C:/Users/apple/.gradle/caches/modules-2/files-2.1/net.fabricmc/sponge-mixin/0.13.3+mixin.0.8.5/9527e6b0d2449408958fd1302594dc65ec5ade9c/sponge-mixin-0.13.3+mixin.0.8.5.jar Service=Knot/Fabric Env=CLIENT
[07:42:52] [main/INFO] (FabricLoader/Mixin) Loaded Fabric development mappings for mixin remapper!
[07:42:52] [main/INFO] (FabricLoader/Mixin) Compatibility level set to JAVA_16
[07:42:52] [main/INFO] (FabricLoader/Mixin) Compatibility level set to JAVA_17
[07:42:53] [main/INFO] (FabricLoader/MixinExtras|Service) Initializing MixinExtras via com.llamalad7.mixinextras.service.MixinExtrasServiceImpl(version=0.3.5).
[07:42:54] [main/WARN] (PerfDataUtil) Failed to update counter. Error code: 0x800007D5
[07:42:54] [main/WARN] (PerfCounterQuery) Disabling further attempts to query Paging File.
[07:42:56] [Datafixer Bootstrap/INFO] (Minecraft) 180 Datafixer optimizations took 78 milliseconds
[07:42:58] [Render thread/INFO] (Minecraft) [STDERR]: [LWJGL] [ThreadLocalUtil] Unsupported JNI version detected, this may result in a crash. Please inform LWJGL developers.
[07:42:58] [Render thread/INFO] (Minecraft) Environment: authHost='https://authserver.mojang.com', accountsHost='https://api.mojang.com', sessionHost='https://sessionserver.mojang.com', servicesHost='https://api.minecraftservices.com', name='PROD'
[07:42:58] [Render thread/ERROR] (Minecraft) Failed to verify authentication
com.mojang.authlib.exceptions.InvalidCredentialsException: Status: 401
	at com.mojang.authlib.exceptions.MinecraftClientHttpException.toAuthenticationException(MinecraftClientHttpException.java:56) ~[authlib-3.18.38.jar:?]
	at com.mojang.authlib.yggdrasil.YggdrasilUserApiService.fetchProperties(YggdrasilUserApiService.java:156) ~[authlib-3.18.38.jar:?]
	at com.mojang.authlib.yggdrasil.YggdrasilUserApiService.<init>(YggdrasilUserApiService.java:55) ~[authlib-3.18.38.jar:?]
	at com.mojang.authlib.yggdrasil.YggdrasilAuthenticationService.createUserApiService(YggdrasilAuthenticationService.java:161) ~[authlib-3.18.38.jar:?]
	at net.minecraft.client.MinecraftClient.createUserApiService(MinecraftClient.java:724) ~[minecraft-merged-3b1fc6157b-1.19.4-net.fabricmc.yarn.1_19_4.1.19.4+build.2-v2.jar:?]
	at net.minecraft.client.MinecraftClient.<init>(MinecraftClient.java:518) ~[minecraft-merged-3b1fc6157b-1.19.4-net.fabricmc.yarn.1_19_4.1.19.4+build.2-v2.jar:?]
	at net.minecraft.client.main.Main.main(Main.java:178) ~[minecraft-merged-3b1fc6157b-1.19.4-net.fabricmc.yarn.1_19_4.1.19.4+build.2-v2.jar:?]
	at net.fabricmc.loader.impl.game.minecraft.MinecraftGameProvider.launch(MinecraftGameProvider.java:470) ~[fabric-loader-0.15.10.jar:?]
	at net.fabricmc.loader.impl.launch.knot.Knot.launch(Knot.java:74) ~[fabric-loader-0.15.10.jar:?]
	at net.fabricmc.loader.impl.launch.knot.KnotClient.main(KnotClient.java:23) ~[fabric-loader-0.15.10.jar:?]
	at net.fabricmc.devlaunchinjector.Main.main(Main.java:86) ~[dev-launch-injector-0.2.1+build.8.jar:?]
Caused by: com.mojang.authlib.exceptions.MinecraftClientHttpException: Status: 401
	at com.mojang.authlib.minecraft.client.MinecraftClient.readInputStream(MinecraftClient.java:85) ~[authlib-3.18.38.jar:?]
	at com.mojang.authlib.minecraft.client.MinecraftClient.get(MinecraftClient.java:48) ~[authlib-3.18.38.jar:?]
	at com.mojang.authlib.yggdrasil.YggdrasilUserApiService.fetchProperties(YggdrasilUserApiService.java:129) ~[authlib-3.18.38.jar:?]
	... 9 more
[07:42:58] [Render thread/INFO] (Minecraft) Setting user: Player693
[07:42:59] [Render thread/INFO] (auto_nbs_player) Hello Fabric world!
[07:42:59] [Render thread/INFO] (Indigo) [Indigo] Registering Indigo renderer!
[07:42:59] [Render thread/INFO] (Minecraft) Backend library: LWJGL version 3.3.2-snapshot
[07:43:00] [Render thread/INFO] (Minecraft) Reloading ResourceManager: vanilla, fabric (fabric-events-lifecycle-v0, fabric-renderer-api-v1, fabric-block-api-v1, fabric-registry-sync-v0, fabric-screen-api-v1, fabric-game-rule-api-v1, fabric-api-base, fabric-command-api-v1, fabric-message-api-v1, fabric-resource-loader-v0, fabric-data-generation-api-v1, fabric-blockrenderlayer-v1, fabric-transitive-access-wideners-v1, fabric-biome-api-v1, fabric-command-api-v2, fabric-networking-api-v1, fabric-resource-conditions-api-v1, fabric-lifecycle-events-v1, fabric-sound-api-v1, fabric-networking-v0, fabric-screen-handler-api-v1, fabric-dimensions-v1, fabric-models-v0, fabric-rendering-v1, fabric-mining-level-api-v1, fabric-entity-events-v1, fabric-renderer-indigo, fabric-particles-v1, fabric-content-registries-v0, fabric-loot-api-v2, fabric-renderer-registries-v1, fabric-rendering-v0, fabric-crash-report-info-v1, litematica, fabric-object-builder-api-v1, fabric-recipe-api-v1, fabric-gametest-api-v1, fabric-convention-tags-v1, fabric-api-lookup-api-v1, fabricloader, fabric-containers-v0, auto_nbs_player, fabric-client-tags-api-v1, fabric-item-group-api-v1, fabric-keybindings-v0, fabric-item-api-v1, fabric-events-interaction-v0, fabric-loot-tables-v1, fabric-commands-v0, fabric-rendering-fluids-v1, fabric-key-binding-api-v1, fabric-api, fabric-model-loading-api-v1, fabric-rendering-data-attachment-v1, malilib, fabric-transfer-api-v1), file/Better+Noteblocks+(Style+A).zip
[07:43:00] [Worker-Main-14/WARN] (Minecraft) Texture minecraft:block/note_block/powered/nb_on with size 1x1 limits mip level from 4 to 0
[07:43:00] [Worker-Main-14/WARN] (Minecraft) minecraft:textures/atlas/blocks.png: dropping miplevel from 4 to 0, because of minimum power of two: 1
[07:43:01] [Realms Notification Availability checker #1/INFO] (Minecraft) Could not authorize you against Realms server: Invalid session id
[07:43:01] [Worker-Main-10/WARN] (Minecraft) Missing textures in model minecraft:note_block#instrument=skeleton,note=7,powered=false:
    minecraft:textures/atlas/blocks.png:minecraft:block/note_block/note/instrument/note_block
[07:43:01] [Render thread/WARN] (Minecraft) Missing sound for event: minecraft:item.brush.brushing
[07:43:01] [Render thread/WARN] (Minecraft) Missing sound for event: minecraft:item.brush.brush_sand_completed
[07:43:01] [Render thread/WARN] (Minecraft) Missing sound for event: minecraft:item.goat_horn.play
[07:43:01] [Render thread/WARN] (Minecraft) Missing sound for event: minecraft:entity.goat.screaming.horn_break
[07:43:01] [Render thread/WARN] (Minecraft) Missing sound for event: minecraft:music.overworld.cherry_grove
[07:43:01] [Render thread/INFO] (Minecraft) OpenAL initialized on device OpenAL Soft on スピーカー (Logitech G733 Gaming Headset)
[07:43:01] [Render thread/INFO] (Minecraft) Sound engine started
[07:43:01] [Render thread/INFO] (Minecraft) Created: 1024x512x0 minecraft:textures/atlas/blocks.png-atlas
[07:43:01] [Render thread/INFO] (Minecraft) Created: 256x256x4 minecraft:textures/atlas/signs.png-atlas
[07:43:01] [Render thread/INFO] (Minecraft) Created: 512x512x4 minecraft:textures/atlas/banner_patterns.png-atlas
[07:43:01] [Render thread/INFO] (Minecraft) Created: 512x512x4 minecraft:textures/atlas/shield_patterns.png-atlas
[07:43:01] [Render thread/INFO] (Minecraft) Created: 1024x1024x4 minecraft:textures/atlas/armor_trims.png-atlas
[07:43:01] [Render thread/INFO] (Minecraft) Created: 256x256x4 minecraft:textures/atlas/chest.png-atlas
[07:43:01] [Render thread/INFO] (Minecraft) Created: 64x64x4 minecraft:textures/atlas/decorated_pot.png-atlas
[07:43:01] [Render thread/INFO] (Minecraft) Created: 512x256x4 minecraft:textures/atlas/beds.png-atlas
[07:43:01] [Render thread/INFO] (Minecraft) Created: 512x256x4 minecraft:textures/atlas/shulker_boxes.png-atlas
[07:43:01] [Render thread/WARN] (Minecraft) Shader rendertype_entity_translucent_emissive could not find sampler named Sampler2 in the specified shader program.
[07:43:01] [Render thread/INFO] (Minecraft) Created: 256x256x0 minecraft:textures/atlas/particles.png-atlas
[07:43:01] [Render thread/INFO] (Minecraft) Created: 256x256x0 minecraft:textures/atlas/paintings.png-atlas
[07:43:01] [Render thread/INFO] (Minecraft) Created: 128x128x0 minecraft:textures/atlas/mob_effects.png-atlas
[07:43:35] [Render thread/INFO] (FabricRegistrySync) [fabric-registry-sync] Loaded registry data [file 1/4]
[07:43:35] [Render thread/INFO] (Minecraft) Loaded 7 recipes
[07:43:36] [Render thread/INFO] (Minecraft) Loaded 1179 advancements
[07:43:36] [Render thread/INFO] (BiomeModificationImpl) Applied 0 biome modifications to 0 of 63 new biomes in 1.053 ms
[07:43:36] [Server thread/INFO] (Minecraft) Starting integrated minecraft server version 1.19.4
[07:43:36] [Server thread/INFO] (Minecraft) Generating keypair
[07:43:36] [Server thread/INFO] (Minecraft) Preparing start region for dimension minecraft:overworld
[07:43:37] [Render thread/INFO] (Minecraft) Preparing spawn area: 0%
[07:43:37] [Render thread/INFO] (Minecraft) Preparing spawn area: 0%
[07:43:37] [Render thread/INFO] (Minecraft) Preparing spawn area: 0%
[07:43:38] [Render thread/INFO] (Minecraft) Time elapsed: 1440 ms
[07:43:38] [Server thread/INFO] (Minecraft) Changing view distance to 12, from 10
[07:43:38] [Server thread/INFO] (Minecraft) Changing simulation distance to 12, from 0
[07:43:38] [Server thread/INFO] (Minecraft) Player693[local:E:d1357d55] logged in with entity id 1 at (-33.17032466456387, 58.0, -26.624214952353018)
[07:43:38] [Server thread/INFO] (Minecraft) Player693 joined the game
[07:43:39] [Render thread/INFO] (litematica) Using 3 total BufferBuilder caches
[07:43:39] [Render thread/WARN] (Minecraft) Unable to read property: east with value: false for blockstate: {Name:"minecraft:cobblestone_wall",Properties:{east:"false",north:"false",south:"false",up:"false",west:"false"}}
[07:43:39] [Render thread/WARN] (Minecraft) Unable to read property: south with value: false for blockstate: {Name:"minecraft:cobblestone_wall",Properties:{east:"false",north:"false",south:"false",up:"false",west:"false"}}
[07:43:39] [Render thread/WARN] (Minecraft) Unable to read property: north with value: false for blockstate: {Name:"minecraft:cobblestone_wall",Properties:{east:"false",north:"false",south:"false",up:"false",west:"false"}}
[07:43:39] [Render thread/WARN] (Minecraft) Unable to read property: west with value: false for blockstate: {Name:"minecraft:cobblestone_wall",Properties:{east:"false",north:"false",south:"false",up:"false",west:"false"}}
[07:43:39] [Render thread/WARN] (Minecraft) Unable to read property: east with value: false for blockstate: {Name:"minecraft:mossy_cobblestone_wall",Properties:{east:"false",north:"false",south:"false",up:"false",west:"false"}}
[07:43:39] [Render thread/WARN] (Minecraft) Unable to read property: south with value: false for blockstate: {Name:"minecraft:mossy_cobblestone_wall",Properties:{east:"false",north:"false",south:"false",up:"false",west:"false"}}
[07:43:39] [Render thread/WARN] (Minecraft) Unable to read property: north with value: false for blockstate: {Name:"minecraft:mossy_cobblestone_wall",Properties:{east:"false",north:"false",south:"false",up:"false",west:"false"}}
[07:43:39] [Render thread/WARN] (Minecraft) Unable to read property: west with value: false for blockstate: {Name:"minecraft:mossy_cobblestone_wall",Properties:{east:"false",north:"false",south:"false",up:"false",west:"false"}}
[07:43:39] [Render thread/INFO] (Minecraft) Loaded 40 advancements
[07:43:46] [Render thread/INFO] (Minecraft) [System] [CHAT] Player position: BlockPos{x=-34, y=57, z=-27}
[07:43:46] [Render thread/INFO] (Minecraft) [System] [CHAT] Target: 0
[07:43:46] [Render thread/INFO] (Minecraft) [System] [CHAT] Note tuned to: 21
[07:43:46] [Render thread/INFO] (Minecraft) [System] [CHAT] Note tuned to: 22
[07:43:46] [Render thread/INFO] (Minecraft) [System] [CHAT] Note tuned to: 23
[07:43:46] [Render thread/INFO] (Minecraft) [System] [CHAT] Note tuned to: 24
[07:43:46] [Render thread/INFO] (Minecraft) [System] [CHAT] Note tuned to: 25
[07:44:03] [Render thread/INFO] (Minecraft) Loaded 41 advancements
[07:44:07] [Render thread/INFO] (Minecraft) [System] [CHAT] Player position: BlockPos{x=-34, y=57, z=-27}
[07:44:07] [Render thread/INFO] (Minecraft) [System] [CHAT] Target: 0
[07:44:12] [Render thread/INFO] (Minecraft) [System] [CHAT] Player position: BlockPos{x=-34, y=57, z=-27}
[07:44:12] [Render thread/INFO] (Minecraft) [System] [CHAT] Target: 18
[07:44:12] [Render thread/INFO] (Minecraft) [System] [CHAT] Note tuned to: 1
[07:44:12] [Render thread/INFO] (Minecraft) [System] [CHAT] Note tuned to: 2
[07:44:12] [Render thread/INFO] (Minecraft) [System] [CHAT] Note tuned to: 3
[07:44:13] [Render thread/INFO] (Minecraft) [System] [CHAT] Note tuned to: 4
[07:44:13] [Render thread/INFO] (Minecraft) [System] [CHAT] Note tuned to: 5
[07:44:13] [Render thread/INFO] (Minecraft) [System] [CHAT] Note tuned to: 6
[07:44:13] [Render thread/INFO] (Minecraft) [System] [CHAT] Note tuned to: 7
[07:44:13] [Render thread/INFO] (Minecraft) [System] [CHAT] Note tuned to: 8
[07:44:13] [Render thread/INFO] (Minecraft) [System] [CHAT] Note tuned to: 9
[07:44:13] [Render thread/INFO] (Minecraft) [System] [CHAT] Note tuned to: 10
[07:44:13] [Render thread/INFO] (Minecraft) [System] [CHAT] Note tuned to: 11
[07:44:13] [Render thread/INFO] (Minecraft) [System] [CHAT] Note tuned to: 12
[07:44:13] [Render thread/INFO] (Minecraft) [System] [CHAT] Note tuned to: 13
[07:44:13] [Render thread/INFO] (Minecraft) [System] [CHAT] Note tuned to: 14
[07:44:13] [Render thread/INFO] (Minecraft) [System] [CHAT] Note tuned to: 15
[07:44:13] [Render thread/INFO] (Minecraft) [System] [CHAT] Note tuned to: 16
[07:44:13] [Render thread/INFO] (Minecraft) [System] [CHAT] Note tuned to: 17
[07:44:13] [Render thread/INFO] (Minecraft) [System] [CHAT] Note tuned to: 18
[07:45:00] [Render thread/INFO] (Minecraft) [System] [CHAT] Player position: BlockPos{x=-34, y=57, z=-27}
[07:45:00] [Render thread/INFO] (Minecraft) [System] [CHAT] Target: 12
[07:45:00] [Render thread/INFO] (Minecraft) [System] [CHAT] Note tuned to: 19
[07:45:00] [Render thread/INFO] (Minecraft) [System] [CHAT] Note tuned to: 20
[07:45:00] [Render thread/INFO] (Minecraft) [System] [CHAT] Note tuned to: 21
[07:45:00] [Render thread/INFO] (Minecraft) [System] [CHAT] Note tuned to: 22
[07:45:00] [Render thread/INFO] (Minecraft) [System] [CHAT] Note tuned to: 23
[07:45:00] [Render thread/INFO] (Minecraft) [System] [CHAT] Note tuned to: 24
[07:45:00] [Render thread/INFO] (Minecraft) [System] [CHAT] Note tuned to: 25
[07:45:00] [Render thread/INFO] (Minecraft) [System] [CHAT] Note tuned to: 1
[07:45:00] [Render thread/INFO] (Minecraft) [System] [CHAT] Note tuned to: 2
[07:45:00] [Render thread/INFO] (Minecraft) [System] [CHAT] Note tuned to: 3
[07:45:00] [Render thread/INFO] (Minecraft) [System] [CHAT] Note tuned to: 4
[07:45:00] [Render thread/INFO] (Minecraft) [System] [CHAT] Note tuned to: 5
[07:45:00] [Render thread/INFO] (Minecraft) [System] [CHAT] Note tuned to: 6
[07:45:00] [Render thread/INFO] (Minecraft) [System] [CHAT] Note tuned to: 7
[07:45:00] [Render thread/INFO] (Minecraft) [System] [CHAT] Note tuned to: 8
[07:45:00] [Render thread/INFO] (Minecraft) [System] [CHAT] Note tuned to: 9
[07:45:01] [Render thread/INFO] (Minecraft) [System] [CHAT] Note tuned to: 10
[07:45:01] [Render thread/INFO] (Minecraft) [System] [CHAT] Note tuned to: 11
[07:45:01] [Render thread/INFO] (Minecraft) [System] [CHAT] Note tuned to: 12
[07:45:58] [Render thread/INFO] (Minecraft) [System] [CHAT] Player position: BlockPos{x=-34, y=57, z=-27}
[07:45:58] [Render thread/INFO] (Minecraft) [System] [CHAT] Target: 12
[07:45:59] [Render thread/INFO] (Minecraft) [System] [CHAT] Note tuned to: 1
[07:45:59] [Render thread/INFO] (Minecraft) [System] [CHAT] Note tuned to: 2
[07:45:59] [Render thread/INFO] (Minecraft) [System] [CHAT] Note tuned to: 3
[07:45:59] [Render thread/INFO] (Minecraft) [System] [CHAT] Note tuned to: 4
[07:45:59] [Render thread/INFO] (Minecraft) [System] [CHAT] Note tuned to: 5
[07:45:59] [Render thread/INFO] (Minecraft) [System] [CHAT] Note tuned to: 6
[07:45:59] [Render thread/INFO] (Minecraft) [System] [CHAT] Note tuned to: 7
[07:45:59] [Render thread/INFO] (Minecraft) [System] [CHAT] Note tuned to: 8
[07:45:59] [Render thread/INFO] (Minecraft) [System] [CHAT] Note tuned to: 9
[07:45:59] [Render thread/INFO] (Minecraft) [System] [CHAT] Note tuned to: 10
[07:45:59] [Render thread/INFO] (Minecraft) [System] [CHAT] Note tuned to: 11
[07:45:59] [Render thread/INFO] (Minecraft) [System] [CHAT] Note tuned to: 12
[07:47:15] [Render thread/INFO] (Minecraft) [System] [CHAT] Player position: BlockPos{x=-34, y=57, z=-27}
[07:47:15] [Render thread/INFO] (Minecraft) [System] [CHAT] Target: 12
[07:47:15] [Render thread/INFO] (Minecraft) [System] [CHAT] Note tuned to: 1
[07:47:15] [Render thread/INFO] (Minecraft) [System] [CHAT] Note tuned to: 2
[07:47:15] [Render thread/INFO] (Minecraft) [System] [CHAT] Note tuned to: 3
[07:47:16] [Render thread/INFO] (Minecraft) [System] [CHAT] Note tuned to: 4
[07:47:16] [Render thread/INFO] (Minecraft) [System] [CHAT] Note tuned to: 5
[07:47:16] [Render thread/INFO] (Minecraft) [System] [CHAT] Note tuned to: 6
[07:47:16] [Render thread/INFO] (Minecraft) [System] [CHAT] Note tuned to: 7
[07:47:16] [Render thread/INFO] (Minecraft) [System] [CHAT] Note tuned to: 8
[07:47:16] [Render thread/INFO] (Minecraft) [System] [CHAT] Note tuned to: 9
[07:47:16] [Render thread/INFO] (Minecraft) [System] [CHAT] Note tuned to: 10
[07:47:16] [Render thread/INFO] (Minecraft) [System] [CHAT] Note tuned to: 11
[07:47:16] [Render thread/INFO] (Minecraft) [System] [CHAT] Note tuned to: 12
[07:47:30] [Render thread/INFO] (Minecraft) Stopping!
[07:47:30] [Server thread/INFO] (Minecraft) Player693 lost connection: Disconnected
[07:47:30] [Server thread/INFO] (Minecraft) Player693 left the game
[07:47:30] [Server thread/INFO] (Minecraft) Stopping singleplayer server as player logged out
[07:47:30] [Server thread/INFO] (Minecraft) Stopping server
[07:47:30] [Server thread/INFO] (Minecraft) Saving players
[07:47:30] [Server thread/INFO] (Minecraft) Saving worlds
[07:47:30] [Server thread/INFO] (Minecraft) Saving chunks for level 'ServerLevel[新規ワールド]'/minecraft:overworld
[07:47:30] [Server thread/INFO] (Minecraft) Saving chunks for level 'ServerLevel[新規ワールド]'/minecraft:the_nether
[07:47:30] [Server thread/INFO] (Minecraft) Saving chunks for level 'ServerLevel[新規ワールド]'/minecraft:the_end
[07:47:30] [Server thread/INFO] (Minecraft) ThreadedAnvilChunkStorage (新規ワールド (2)): All chunks are saved
[07:47:30] [Server thread/INFO] (Minecraft) ThreadedAnvilChunkStorage (DIM-1): All chunks are saved
[07:47:30] [Server thread/INFO] (Minecraft) ThreadedAnvilChunkStorage (DIM1): All chunks are saved
[07:47:30] [Server thread/INFO] (Minecraft) ThreadedAnvilChunkStorage: All dimensions are saved
